2025-07-09 22:14:57,453 - INFO - ✅ Logging is working!
2025-07-09 22:14:58,321 - INFO - Order response: {'orderId': 5231999144, 'symbol': 'BTCUSDT', 'status': 'NEW', 'clientOrderId': 'x-Cb7ytekJf9fe5f40061cf8bed796d7', 'price': '0.00', 'avgPrice': '0.00', 'origQty': '0.001', 'executedQty': '0.000', 'cumQty': '0.000', 'cumQuote': '0.00000', 'timeInForce': 'GTC', 'type': 'MARKET', 'reduceOnly': False, 'closePosition': False, 'side': 'BUY', 'positionSide': 'BOTH', 'stopPrice': '0.00', 'workingType': 'CONTRACT_PRICE', 'priceProtect': False, 'origType': 'MARKET', 'priceMatch': 'NONE', 'selfTradePreventionMode': 'EXPIRE_MAKER', 'goodTillDate': 0, 'updateTime': 1752079499109}
2025-07-09 22:14:58,697 - INFO - Limit Order response: {'orderId': 5231999161, 'symbol': 'BTCUSDT', 'status': 'NEW', 'clientOrderId': 'x-Cb7ytekJ2c52acc06596ae20d7b68c', 'price': '25000.00', 'avgPrice': '0.00', 'origQty': '0.004', 'executedQty': '0.000', 'cumQty': '0.000', 'cumQuote': '0.00000', 'timeInForce': 'GTC', 'type': 'LIMIT', 'reduceOnly': False, 'closePosition': False, 'side': 'BUY', 'positionSide': 'BOTH', 'stopPrice': '0.00', 'workingType': 'CONTRACT_PRICE', 'priceProtect': False, 'origType': 'LIMIT', 'priceMatch': 'NONE', 'selfTradePreventionMode': 'EXPIRE_MAKER', 'goodTillDate': 0, 'updateTime': 1752079499482}
2025-07-09 22:14:59,082 - INFO - Order status: {'orderId': 5231999161, 'symbol': 'BTCUSDT', 'status': 'NEW', 'clientOrderId': 'x-Cb7ytekJ2c52acc06596ae20d7b68c', 'price': '25000.00', 'avgPrice': '0.00', 'origQty': '0.004', 'executedQty': '0.000', 'cumQuote': '0.00000', 'timeInForce': 'GTC', 'type': 'LIMIT', 'reduceOnly': False, 'closePosition': False, 'side': 'BUY', 'positionSide': 'BOTH', 'stopPrice': '0.00', 'workingType': 'CONTRACT_PRICE', 'priceProtect': False, 'origType': 'LIMIT', 'priceMatch': 'NONE', 'selfTradePreventionMode': 'EXPIRE_MAKER', 'goodTillDate': 0, 'time': 1752079499482, 'updateTime': 1752079499482}
2025-07-09 22:14:59,097 - INFO - ✅ This is a test log entry!
2025-07-09 22:14:59,666 - INFO - 🟢 Bot initialized from __main__
2025-07-09 22:15:00,157 - ERROR - API Error : APIError(code=-2014): API-key format invalid.
2025-07-09 22:16:00,039 - INFO - 🟢 Bot initialized from __main__
2025-07-09 22:16:00,700 - ERROR - API Error : APIError(code=-2013): Order does not exist.
2025-07-09 22:16:11,903 - INFO - ✅ Logging is working!
2025-07-09 22:16:13,235 - INFO - Order response: {'orderId': 5232003456, 'symbol': 'BTCUSDT', 'status': 'NEW', 'clientOrderId': 'x-Cb7ytekJfae319328a13dec992606b', 'price': '0.00', 'avgPrice': '0.00', 'origQty': '0.001', 'executedQty': '0.000', 'cumQty': '0.000', 'cumQuote': '0.00000', 'timeInForce': 'GTC', 'type': 'MARKET', 'reduceOnly': False, 'closePosition': False, 'side': 'BUY', 'positionSide': 'BOTH', 'stopPrice': '0.00', 'workingType': 'CONTRACT_PRICE', 'priceProtect': False, 'origType': 'MARKET', 'priceMatch': 'NONE', 'selfTradePreventionMode': 'EXPIRE_MAKER', 'goodTillDate': 0, 'updateTime': 1752079573997}
2025-07-09 22:16:13,743 - INFO - Limit Order response: {'orderId': 5232003485, 'symbol': 'BTCUSDT', 'status': 'NEW', 'clientOrderId': 'x-Cb7ytekJ622365af6c7dcff7cadedf', 'price': '25000.00', 'avgPrice': '0.00', 'origQty': '0.004', 'executedQty': '0.000', 'cumQty': '0.000', 'cumQuote': '0.00000', 'timeInForce': 'GTC', 'type': 'LIMIT', 'reduceOnly': False, 'closePosition': False, 'side': 'BUY', 'positionSide': 'BOTH', 'stopPrice': '0.00', 'workingType': 'CONTRACT_PRICE', 'priceProtect': False, 'origType': 'LIMIT', 'priceMatch': 'NONE', 'selfTradePreventionMode': 'EXPIRE_MAKER', 'goodTillDate': 0, 'updateTime': 1752079574510}
2025-07-09 22:16:14,154 - INFO - Order status: {'orderId': 5232003485, 'symbol': 'BTCUSDT', 'status': 'NEW', 'clientOrderId': 'x-Cb7ytekJ622365af6c7dcff7cadedf', 'price': '25000.00', 'avgPrice': '0.00', 'origQty': '0.004', 'executedQty': '0.000', 'cumQuote': '0.00000', 'timeInForce': 'GTC', 'type': 'LIMIT', 'reduceOnly': False, 'closePosition': False, 'side': 'BUY', 'positionSide': 'BOTH', 'stopPrice': '0.00', 'workingType': 'CONTRACT_PRICE', 'priceProtect': False, 'origType': 'LIMIT', 'priceMatch': 'NONE', 'selfTradePreventionMode': 'EXPIRE_MAKER', 'goodTillDate': 0, 'time': 1752079574510, 'updateTime': 1752079574510}
2025-07-09 22:16:14,166 - INFO - ✅ This is a test log entry!
2025-07-09 22:16:14,368 - INFO - 🟢 Bot initialized from __main__
2025-07-09 22:16:14,655 - ERROR - API Error : APIError(code=-2013): Order does not exist.
2025-07-09 22:17:45,950 - INFO - Bot initialized from __main__
2025-07-09 22:17:46,423 - ERROR - API Error : APIError(code=-2013): Order does not exist.
2025-07-09 22:18:06,092 - INFO - Bot initialized from __main__
2025-07-09 22:18:06,774 - INFO - Order status: {'orderId': 5232003485, 'symbol': 'BTCUSDT', 'status': 'NEW', 'clientOrderId': 'x-Cb7ytekJ622365af6c7dcff7cadedf', 'price': '25000.00', 'avgPrice': '0.00', 'origQty': '0.004', 'executedQty': '0.000', 'cumQuote': '0.00000', 'timeInForce': 'GTC', 'type': 'LIMIT', 'reduceOnly': False, 'closePosition': False, 'side': 'BUY', 'positionSide': 'BOTH', 'stopPrice': '0.00', 'workingType': 'CONTRACT_PRICE', 'priceProtect': False, 'origType': 'LIMIT', 'priceMatch': 'NONE', 'selfTradePreventionMode': 'EXPIRE_MAKER', 'goodTillDate': 0, 'time': 1752079574510, 'updateTime': 1752079574510}
2025-07-09 22:19:35,666 - INFO - ✅ Logging is working!
2025-07-09 22:19:36,662 - INFO - Order response: {'orderId': 5232017059, 'symbol': 'BTCUSDT', 'status': 'NEW', 'clientOrderId': 'x-Cb7ytekJ8112afa059c963b0172a74', 'price': '0.00', 'avgPrice': '0.00', 'origQty': '0.001', 'executedQty': '0.000', 'cumQty': '0.000', 'cumQuote': '0.00000', 'timeInForce': 'GTC', 'type': 'MARKET', 'reduceOnly': False, 'closePosition': False, 'side': 'BUY', 'positionSide': 'BOTH', 'stopPrice': '0.00', 'workingType': 'CONTRACT_PRICE', 'priceProtect': False, 'origType': 'MARKET', 'priceMatch': 'NONE', 'selfTradePreventionMode': 'EXPIRE_MAKER', 'goodTillDate': 0, 'updateTime': 1752079777445}
2025-07-09 22:19:37,347 - INFO - Limit Order response: {'orderId': 5232017098, 'symbol': 'BTCUSDT', 'status': 'NEW', 'clientOrderId': 'x-Cb7ytekJ574d8cf94fefa70e29e9fb', 'price': '25000.00', 'avgPrice': '0.00', 'origQty': '0.004', 'executedQty': '0.000', 'cumQty': '0.000', 'cumQuote': '0.00000', 'timeInForce': 'GTC', 'type': 'LIMIT', 'reduceOnly': False, 'closePosition': False, 'side': 'BUY', 'positionSide': 'BOTH', 'stopPrice': '0.00', 'workingType': 'CONTRACT_PRICE', 'priceProtect': False, 'origType': 'LIMIT', 'priceMatch': 'NONE', 'selfTradePreventionMode': 'EXPIRE_MAKER', 'goodTillDate': 0, 'updateTime': 1752079778135}
2025-07-09 22:19:37,750 - INFO - Order status: {'orderId': 5232017098, 'symbol': 'BTCUSDT', 'status': 'NEW', 'clientOrderId': 'x-Cb7ytekJ574d8cf94fefa70e29e9fb', 'price': '25000.00', 'avgPrice': '0.00', 'origQty': '0.004', 'executedQty': '0.000', 'cumQuote': '0.00000', 'timeInForce': 'GTC', 'type': 'LIMIT', 'reduceOnly': False, 'closePosition': False, 'side': 'BUY', 'positionSide': 'BOTH', 'stopPrice': '0.00', 'workingType': 'CONTRACT_PRICE', 'priceProtect': False, 'origType': 'LIMIT', 'priceMatch': 'NONE', 'selfTradePreventionMode': 'EXPIRE_MAKER', 'goodTillDate': 0, 'time': 1752079778135, 'updateTime': 1752079778135}
2025-07-09 22:19:37,762 - INFO - ✅ This is a test log entry!
2025-07-09 22:19:37,946 - INFO - Bot initialized from __main__
2025-07-09 22:19:38,148 - INFO - Order status: {'orderId': 5232003485, 'symbol': 'BTCUSDT', 'status': 'NEW', 'clientOrderId': 'x-Cb7ytekJ622365af6c7dcff7cadedf', 'price': '25000.00', 'avgPrice': '0.00', 'origQty': '0.004', 'executedQty': '0.000', 'cumQuote': '0.00000', 'timeInForce': 'GTC', 'type': 'LIMIT', 'reduceOnly': False, 'closePosition': False, 'side': 'BUY', 'positionSide': 'BOTH', 'stopPrice': '0.00', 'workingType': 'CONTRACT_PRICE', 'priceProtect': False, 'origType': 'LIMIT', 'priceMatch': 'NONE', 'selfTradePreventionMode': 'EXPIRE_MAKER', 'goodTillDate': 0, 'time': 1752079574510, 'updateTime': 1752079574510}
